1073 [background-preinit] INFO  o.h.validator.internal.util.Version
                – HV000001: Hibernate Validator 6.2.3.Final
1116 [main] INFO  ru.mirea.task18.Task18Application
                – Starting Task18Application using Java 17 on iMac-Viktor.local with PID 71085 (/Users/viktorlasenko/Documents/Books_and_materials/2курс/4сем/Patterns_Java2.0/JavaPatternMirea/nextTasks/task20/target/classes started by viktorlasenko in /Users/viktorlasenko/Documents/Books_and_materials/2курс/4сем/Patterns_Java2.0/JavaPatternMirea/nextTasks/task20)
1117 [main] INFO  ru.mirea.task18.Task18Application
                – No active profile set, falling back to 1 default profile: "default"
1885 [main] INFO  o.s.d.r.c.RepositoryConfigurationDelegate
                – Multiple Spring Data modules found, entering strict repository configuration mode!
1886 [main] INFO  o.s.d.r.c.RepositoryConfigurationDelegate
                – Bootstrapping Spring Data JPA repositories in DEFAULT mode.
1944 [main] INFO  o.s.d.r.c.RepositoryConfigurationDelegate
                – Finished Spring Data repository scanning in 49 ms. Found 2 JPA repository interfaces.
2210 [main] INFO  o.s.d.r.c.RepositoryConfigurationDelegate
                – Multiple Spring Data modules found, entering strict repository configuration mode!
2210 [main] INFO  o.s.d.r.c.RepositoryConfigurationDelegate
                – Bootstrapping Spring Data JDBC repositories in DEFAULT mode.
2214 [main] INFO  o.s.d.r.c.RepositoryConfigurationExtensionSupport
                – Spring Data JDBC - Could not safely identify store assignment for repository candidate interface ru.mirea.task18.repositories.AuthorRepository. If you want this repository to be a JDBC repository, consider annotating your entities with one of these annotations: org.springframework.data.relational.core.mapping.Table.
2214 [main] INFO  o.s.d.r.c.RepositoryConfigurationExtensionSupport
                – Spring Data JDBC - Could not safely identify store assignment for repository candidate interface ru.mirea.task18.repositories.BookRepository. If you want this repository to be a JDBC repository, consider annotating your entities with one of these annotations: org.springframework.data.relational.core.mapping.Table.
2214 [main] INFO  o.s.d.r.c.RepositoryConfigurationDelegate
                – Finished Spring Data repository scanning in 4 ms. Found 0 JDBC repository interfaces.
2665 [main] INFO  o.s.b.w.e.tomcat.TomcatWebServer
                – Tomcat initialized with port(s): 8080 (http)
2673 [main] INFO  o.a.coyote.http11.Http11NioProtocol
                – Initializing ProtocolHandler ["http-nio-8080"]
2673 [main] INFO  o.a.catalina.core.StandardService
                – Starting service [Tomcat]
2674 [main] INFO  o.a.catalina.core.StandardEngine
                – Starting Servlet engine: [Apache Tomcat/9.0.62]
2767 [main] INFO  o.a.c.c.C.[Tomcat].[localhost].[/]
                – Initializing Spring embedded WebApplicationContext
2767 [main] INFO  o.s.b.w.s.c.ServletWebServerApplicationContext
                – Root WebApplicationContext: initialization completed in 1602 ms
2943 [main] INFO  com.zaxxer.hikari.HikariDataSource
                – HikariPool-1 - Starting...
3126 [main] INFO  com.zaxxer.hikari.HikariDataSource
                – HikariPool-1 - Start completed.
3175 [main] INFO  o.h.jpa.internal.util.LogHelper
                – HHH000204: Processing PersistenceUnitInfo [name: default]
3218 [main] INFO  org.hibernate.Version
                – HHH000412: Hibernate ORM core version 5.6.8.Final
3356 [main] INFO  o.h.annotations.common.Version
                – HCANN000001: Hibernate Commons Annotations {5.1.2.Final}
3465 [main] INFO  org.hibernate.dialect.Dialect
                – HHH000400: Using dialect: org.hibernate.dialect.PostgreSQL10Dialect
4040 [main] INFO  o.h.e.t.j.p.i.JtaPlatformInitiator
                – HHH000490: Using JtaPlatform implementation: [org.hibernate.engine.transaction.jta.platform.internal.NoJtaPlatform]
4049 [main] INFO  o.s.o.j.LocalContainerEntityManagerFactoryBean
                – Initialized JPA EntityManagerFactory for persistence unit 'default'
4407 [main] WARN  o.s.b.a.o.j.JpaBaseConfiguration$JpaWebConfiguration
                – spring.jpa.open-in-view is enabled by default. Therefore, database queries may be performed during view rendering. Explicitly configure spring.jpa.open-in-view to disable this warning
5140 [main] INFO  o.s.b.a.e.web.EndpointLinksResolver
                – Exposing 13 endpoint(s) beneath base path '/actuator'
5172 [main] INFO  o.a.coyote.http11.Http11NioProtocol
                – Starting ProtocolHandler ["http-nio-8080"]
5196 [main] INFO  o.s.b.w.e.tomcat.TomcatWebServer
                – Tomcat started on port(s): 8080 (http) with context path ''
5218 [main] INFO  ru.mirea.task18.Task18Application
                – Started Task18Application in 4.73 seconds (JVM running for 5.881)
5488 [RMI TCP Connection(5)-127.0.0.1] INFO  o.a.c.c.C.[Tomcat].[localhost].[/]
                – Initializing Spring DispatcherServlet 'dispatcherServlet'
5488 [RMI TCP Connection(5)-127.0.0.1] INFO  o.s.web.servlet.DispatcherServlet
                – Initializing Servlet 'dispatcherServlet'
5489 [RMI TCP Connection(5)-127.0.0.1] INFO  o.s.web.servlet.DispatcherServlet
                – Completed initialization in 1 ms
27370 [http-nio-8080-exec-1] INFO  ru.mirea.task18.aspects.LogAspect
                – Parameters: Anna_Karenina
414101 [SpringApplicationShutdownHook] INFO  o.s.o.j.LocalContainerEntityManagerFactoryBean
                – Closing JPA EntityManagerFactory for persistence unit 'default'
414176 [SpringApplicationShutdownHook] INFO  com.zaxxer.hikari.HikariDataSource
                – HikariPool-1 - Shutdown initiated...
414224 [SpringApplicationShutdownHook] INFO  com.zaxxer.hikari.HikariDataSource
                – HikariPool-1 - Shutdown completed.
563  [background-preinit] INFO  o.h.validator.internal.util.Version
                – HV000001: Hibernate Validator 6.2.3.Final
576  [main] INFO  ru.mirea.task18.Task18Application
                – Starting Task18Application using Java 17 on iMac-Viktor.local with PID 71311 (/Users/viktorlasenko/Documents/Books_and_materials/2курс/4сем/Patterns_Java2.0/JavaPatternMirea/nextTasks/task20/target/classes started by viktorlasenko in /Users/viktorlasenko/Documents/Books_and_materials/2курс/4сем/Patterns_Java2.0/JavaPatternMirea/nextTasks/task20)
577  [main] INFO  ru.mirea.task18.Task18Application
                – No active profile set, falling back to 1 default profile: "default"
1188 [main] INFO  o.s.d.r.c.RepositoryConfigurationDelegate
                – Multiple Spring Data modules found, entering strict repository configuration mode!
1188 [main] INFO  o.s.d.r.c.RepositoryConfigurationDelegate
                – Bootstrapping Spring Data JPA repositories in DEFAULT mode.
1246 [main] INFO  o.s.d.r.c.RepositoryConfigurationDelegate
                – Finished Spring Data repository scanning in 48 ms. Found 2 JPA repository interfaces.
1571 [main] INFO  o.s.d.r.c.RepositoryConfigurationDelegate
                – Multiple Spring Data modules found, entering strict repository configuration mode!
1572 [main] INFO  o.s.d.r.c.RepositoryConfigurationDelegate
                – Bootstrapping Spring Data JDBC repositories in DEFAULT mode.
1576 [main] INFO  o.s.d.r.c.RepositoryConfigurationExtensionSupport
                – Spring Data JDBC - Could not safely identify store assignment for repository candidate interface ru.mirea.task18.repositories.AuthorRepository. If you want this repository to be a JDBC repository, consider annotating your entities with one of these annotations: org.springframework.data.relational.core.mapping.Table.
1576 [main] INFO  o.s.d.r.c.RepositoryConfigurationExtensionSupport
                – Spring Data JDBC - Could not safely identify store assignment for repository candidate interface ru.mirea.task18.repositories.BookRepository. If you want this repository to be a JDBC repository, consider annotating your entities with one of these annotations: org.springframework.data.relational.core.mapping.Table.
1576 [main] INFO  o.s.d.r.c.RepositoryConfigurationDelegate
                – Finished Spring Data repository scanning in 4 ms. Found 0 JDBC repository interfaces.
2112 [main] INFO  o.s.b.w.e.tomcat.TomcatWebServer
                – Tomcat initialized with port(s): 8080 (http)
2120 [main] INFO  o.a.coyote.http11.Http11NioProtocol
                – Initializing ProtocolHandler ["http-nio-8080"]
2120 [main] INFO  o.a.catalina.core.StandardService
                – Starting service [Tomcat]
2120 [main] INFO  o.a.catalina.core.StandardEngine
                – Starting Servlet engine: [Apache Tomcat/9.0.62]
2225 [main] INFO  o.a.c.c.C.[Tomcat].[localhost].[/]
                – Initializing Spring embedded WebApplicationContext
2225 [main] INFO  o.s.b.w.s.c.ServletWebServerApplicationContext
                – Root WebApplicationContext: initialization completed in 1603 ms
2434 [main] INFO  com.zaxxer.hikari.HikariDataSource
                – HikariPool-1 - Starting...
2701 [main] INFO  com.zaxxer.hikari.HikariDataSource
                – HikariPool-1 - Start completed.
2781 [main] INFO  o.h.jpa.internal.util.LogHelper
                – HHH000204: Processing PersistenceUnitInfo [name: default]
2898 [main] INFO  org.hibernate.Version
                – HHH000412: Hibernate ORM core version 5.6.8.Final
3309 [main] INFO  o.h.annotations.common.Version
                – HCANN000001: Hibernate Commons Annotations {5.1.2.Final}
3501 [main] INFO  org.hibernate.dialect.Dialect
                – HHH000400: Using dialect: org.hibernate.dialect.PostgreSQL10Dialect
4212 [main] INFO  o.h.e.t.j.p.i.JtaPlatformInitiator
                – HHH000490: Using JtaPlatform implementation: [org.hibernate.engine.transaction.jta.platform.internal.NoJtaPlatform]
4221 [main] INFO  o.s.o.j.LocalContainerEntityManagerFactoryBean
                – Initialized JPA EntityManagerFactory for persistence unit 'default'
4589 [main] WARN  o.s.b.a.o.j.JpaBaseConfiguration$JpaWebConfiguration
                – spring.jpa.open-in-view is enabled by default. Therefore, database queries may be performed during view rendering. Explicitly configure spring.jpa.open-in-view to disable this warning
5294 [main] INFO  o.s.b.a.e.web.EndpointLinksResolver
                – Exposing 13 endpoint(s) beneath base path '/actuator'
5368 [main] INFO  o.a.coyote.http11.Http11NioProtocol
                – Starting ProtocolHandler ["http-nio-8080"]
5403 [main] INFO  o.s.b.w.e.tomcat.TomcatWebServer
                – Tomcat started on port(s): 8080 (http) with context path ''
5429 [main] INFO  ru.mirea.task18.Task18Application
                – Started Task18Application in 5.18 seconds (JVM running for 6.068)
5723 [RMI TCP Connection(1)-127.0.0.1] INFO  o.a.c.c.C.[Tomcat].[localhost].[/]
                – Initializing Spring DispatcherServlet 'dispatcherServlet'
5724 [RMI TCP Connection(1)-127.0.0.1] INFO  o.s.web.servlet.DispatcherServlet
                – Initializing Servlet 'dispatcherServlet'
5726 [RMI TCP Connection(1)-127.0.0.1] INFO  o.s.web.servlet.DispatcherServlet
                – Completed initialization in 2 ms
10401 [http-nio-8080-exec-1] INFO  ru.mirea.task18.aspects.LogAspect
                – Time: 2022-05-06T23:16:27.304247
269725 [SpringApplicationShutdownHook] INFO  o.s.o.j.LocalContainerEntityManagerFactoryBean
                – Closing JPA EntityManagerFactory for persistence unit 'default'
269755 [SpringApplicationShutdownHook] INFO  com.zaxxer.hikari.HikariDataSource
                – HikariPool-1 - Shutdown initiated...
269775 [SpringApplicationShutdownHook] INFO  com.zaxxer.hikari.HikariDataSource
                – HikariPool-1 - Shutdown completed.
